<?xml version="1.0" encoding="UTF-8"?>
<testng-results total="1" passed="1" failed="0" skipped="0">
  <reporter-output>
  </reporter-output>
  <suite started-at="2026-05-19T02:53:12Z" name="Surefire suite" finished-at="2026-05-19T02:54:04Z" duration-ms="51171">
    <groups>
    </groups>
    <test started-at="2026-05-19T02:53:12Z" name="Surefire test" finished-at="2026-05-19T02:54:04Z" duration-ms="51171">
      <class name="BuscadorUCBTest">
        <test-method is-config="true" signature="setDriver()[pri:0, instance:BuscadorUCBTest@24a35978]" started-at="2026-05-18T22:53:12Z" name="setDriver" finished-at="2026-05-18T22:53:14Z" duration-ms="2031" status="PASS">
          <reporter-output>
          </reporter-output>
        </test-method> <!-- setDriver -->
        <test-method signature="buscarRelatosTest()[pri:0, instance:BuscadorUCBTest@24a35978]" started-at="2026-05-18T22:53:14Z" name="buscarRelatosTest" finished-at="2026-05-18T22:54:03Z" duration-ms="48417" status="PASS">
          <reporter-output>
          </reporter-output>
        </test-method> <!-- buscarRelatosTest -->
        <test-method is-config="true" signature="closeDriver()[pri:0, instance:BuscadorUCBTest@24a35978]" started-at="2026-05-18T22:54:03Z" name="closeDriver" finished-at="2026-05-18T22:54:04Z" duration-ms="714" status="PASS">
          <reporter-output>
          </reporter-output>
        </test-method> <!-- closeDriver -->
      </class> <!-- BuscadorUCBTest -->
    </test> <!-- Surefire test -->
  </suite> <!-- Surefire suite -->
</testng-results>
