<?xml version="1.0" encoding="UTF-8"?>
<testsuite xmlns:xsi="http://www.w3.org/2001/XMLSchema-instance" xsi:noNamespaceSchemaLocation="https://maven.apache.org/surefire/maven-surefire-plugin/xsd/surefire-test-report.xsd" version="3.0.2" name="BuscadorUCBTest" time="51.67" tests="1" errors="0" skipped="0" failures="0">
  <properties>
[...]
</properties>
  <testcase name="buscarRelatosTest" classname="BuscadorUCBTest" time="48.418">
    <system-out><![CDATA[Esperando a la pagina.....
Se muestra el texto del boton: Noticias
Se hizo click en el icono de busqueda
Resultado encontrado: XVI Premio de Relatos para Jóvenes
]]></system-out>
    <system-err><![CDATA[SLF4J: No SLF4J providers were found.
SLF4J: Defaulting to no-operation (NOP) logger implementation
SLF4J: See https://www.slf4j.org/codes.html#noProviders for further details.
Starting ChromeDriver 148.0.7778.167 (65db666ac2cf205fcc36db8bb5b9cd87f94808ac-refs/branch-heads/7778@{#2783}) on port 60291
Only local connections are allowed.
Please see https://chromedriver.chromium.org/security-considerations for suggestions on keeping ChromeDriver safe.
ChromeDriver was started successfully on port 60291.
may 18, 2026 10:53:14 P. M. org.openqa.selenium.remote.ProtocolHandshake createSession
INFO: Detected dialect: W3C
]]></system-err>
  </testcase>
</testsuite>